# JRE version: Java(TM) SE Runtime Environment (17.0.6+9) (build 17.0.6+9-LTS-190)
# Java VM: Java HotSpot(TM) 64-Bit Server VM (17.0.6+9-LTS-190, mixed mode, sharing, tiered, compressed oops, compressed class ptrs, g1 gc, linux-amd64)
GC Precious Log:
 CPUs: 12 total, 12 available
 Memory: 36020M
 Large Page Support: Disabled
 NUMA Support: Disabled
 Compressed Oops: Enabled (32-bit)
 Heap Region Size: 1M
 Heap Min Capacity: 64M
 Heap Initial Capacity: 64M
 Heap Max Capacity: 64M
 Pre-touch: Disabled
 Parallel Workers: 10
 Concurrent Workers: 3
 Concurrent Refinement Workers: 10
 Periodic GC: Disabled
Heap:
 garbage-first heap   total 65536K, used 39843K [0x00000000fc000000, 0x0000000100000000)
  region size 1024K, 30 young (30720K), 2 survivors (2048K)
 Metaspace       used 9441K, committed 9600K, reserved 1064960K
  class space    used 1226K, committed 1280K, reserved 1048576K
GC Heap History (12 events):
Event: 0.405 GC heap before
{Heap before GC invocations=0 (full 0):
 garbage-first heap   total 65536K, used 27620K [0x00000000fc000000, 0x0000000100000000)
  region size 1024K, 23 young (23552K), 0 survivors (0K)
 Metaspace       used 3854K, committed 4096K, reserved 1056768K
  class space    used 491K, committed 576K, reserved 1048576K
}
Event: 0.410 GC heap after
{Heap after GC invocations=1 (full 0):
 garbage-first heap   total 65536K, used 10852K [0x00000000fc000000, 0x0000000100000000)
  region size 1024K, 3 young (3072K), 3 survivors (3072K)
 Metaspace       used 3854K, committed 4096K, reserved 1056768K
  class space    used 491K, committed 576K, reserved 1048576K
}
Event: 115.060 GC heap before
{Heap before GC invocations=1 (full 0):
 garbage-first heap   total 65536K, used 34404K [0x00000000fc000000, 0x0000000100000000)
  region size 1024K, 26 young (26624K), 3 survivors (3072K)
 Metaspace       used 9388K, committed 9600K, reserved 1064960K
  class space    used 1223K, committed 1280K, reserved 1048576K
}
Event: 115.064 GC heap after
{Heap after GC invocations=2 (full 0):
 garbage-first heap   total 65536K, used 12395K [0x00000000fc000000, 0x0000000100000000)
  region size 1024K, 2 young (2048K), 2 survivors (2048K)
 Metaspace       used 9388K, committed 9600K, reserved 1064960K
  class space    used 1223K, committed 1280K, reserved 1048576K
}
Event: 2296.960 GC heap before
{Heap before GC invocations=2 (full 0):
 garbage-first heap   total 65536K, used 37995K [0x00000000fc000000, 0x0000000100000000)
  region size 1024K, 27 young (27648K), 2 survivors (2048K)
 Metaspace       used 9407K, committed 9600K, reserved 1064960K
  class space    used 1224K, committed 1280K, reserved 1048576K
}
Event: 2296.961 GC heap after
{Heap after GC invocations=3 (full 0):
 garbage-first heap   total 65536K, used 12208K [0x00000000fc000000, 0x0000000100000000)
  region size 1024K, 2 young (2048K), 2 survivors (2048K)
 Metaspace       used 9407K, committed 9600K, reserved 1064960K
  class space    used 1224K, committed 1280K, reserved 1048576K
}
Event: 5173.760 GC heap before
{Heap before GC invocations=3 (full 0):
 garbage-first heap   total 65536K, used 44976K [0x00000000fc000000, 0x0000000100000000)
  region size 1024K, 34 young (34816K), 2 survivors (2048K)
 Metaspace       used 9412K, committed 9600K, reserved 1064960K
  class space    used 1224K, committed 1280K, reserved 1048576K
}
Event: 5173.761 GC heap after
{Heap after GC invocations=4 (full 0):
 garbage-first heap   total 65536K, used 12218K [0x00000000fc000000, 0x0000000100000000)
  region size 1024K, 2 young (2048K), 2 survivors (2048K)
 Metaspace       used 9412K, committed 9600K, reserved 1064960K
  class space    used 1224K, committed 1280K, reserved 1048576K
}
Event: 8372.260 GC heap before
{Heap before GC invocations=4 (full 0):
 garbage-first heap   total 65536K, used 48058K [0x00000000fc000000, 0x0000000100000000)
  region size 1024K, 37 young (37888K), 2 survivors (2048K)
 Metaspace       used 9414K, committed 9600K, reserved 1064960K
  class space    used 1224K, committed 1280K, reserved 1048576K
}
Event: 8372.261 GC heap after
{Heap after GC invocations=5 (full 0):
 garbage-first heap   total 65536K, used 12241K [0x00000000fc000000, 0x0000000100000000)
  region size 1024K, 2 young (2048K), 2 survivors (2048K)
 Metaspace       used 9414K, committed 9600K, reserved 1064960K
  class space    used 1224K, committed 1280K, reserved 1048576K
}
Event: 11649.460 GC heap before
{Heap before GC invocations=5 (full 0):
 garbage-first heap   total 65536K, used 49105K [0x00000000fc000000, 0x0000000100000000)
  region size 1024K, 38 young (38912K), 2 survivors (2048K)
 Metaspace       used 9416K, committed 9600K, reserved 1064960K
  class space    used 1224K, committed 1280K, reserved 1048576K
}
Event: 11649.461 GC heap after
{Heap after GC invocations=6 (full 0):
 garbage-first heap   total 65536K, used 12195K [0x00000000fc000000, 0x0000000100000000)
  region size 1024K, 2 young (2048K), 2 survivors (2048K)
 Metaspace       used 9416K, committed 9600K, reserved 1064960K
  class space    used 1224K, committed 1280K, reserved 1048576K
}

